{"/Users/amenamabrouk/Desktop/drata-jest/api.js": {"path":"/Users/amenamabrouk/Desktop/drata-jest/api.js","statementMap":{"0":{"start":{"line":4,"column":14},"end":{"line":4,"column":30}},"1":{"start":{"line":8,"column":2},"end":{"line":25,"column":3}},"2":{"start":{"line":10,"column":23},"end":{"line":10,"column":39}},"3":{"start":{"line":13,"column":21},"end":{"line":18,"column":6}},"4":{"start":{"line":21,"column":4},"end":{"line":21,"column":25}},"5":{"start":{"line":24,"column":4},"end":{"line":24,"column":16}},"6":{"start":{"line":28,"column":0},"end":{"line":28,"column":33}}},"fnMap":{"0":{"name":"getUserData","decl":{"start":{"line":7,"column":15},"end":{"line":7,"column":26}},"loc":{"start":{"line":7,"column":29},"end":{"line":26,"column":1}},"line":7}},"branchMap":{},"s":{"0":1,"1":4,"2":4,"3":4,"4":1,"5":3,"6":1},"f":{"0":4},"b":{},"_coverageSchema":"1a1c01bbd47fc00a2c39e90264f33305004495a9","hash":"c070091e4cd220ae1c08b620705a901dd9a05364"}
}
